[    0.000000] Initializing cgroup subsys cpuset
[    0.000000] Initializing cgroup subsys cpu
[    0.000000] Initializing cgroup subsys cpuacct
[    0.000000] Linux version 4.4.0-176-generic (buildd@lgw01-amd64-035) (gcc version 5.4.0 20160609 (Ubuntu 5.4.0-6ubuntu1~16.04.12) ) #206-Ubuntu SMP Fri Feb 28 05:02:04 UTC 2020 (Ubuntu 4.4.0-176.206-generic 4.4.211)
[    0.000000] Command line: BOOT_IMAGE=/boot/vmlinuz-4.4.0-176-generic root=LABEL=cloudimg-rootfs ro console=tty1 console=ttyS0
[    0.000000] KERNEL supported cpus:
[    0.000000]   Intel GenuineIntel
[    0.000000]   AMD AuthenticAMD
[    0.000000]   Centaur CentaurHauls
[    0.000000] x86/fpu: xstate_offset[2]:  576, xstate_sizes[2]:  256
[    0.000000] x86/fpu: Supporting XSAVE feature 0x01: 'x87 floating point registers'
[    0.000000] x86/fpu: Supporting XSAVE feature 0x02: 'SSE registers'
[    0.000000] x86/fpu: Supporting XSAVE feature 0x04: 'AVX registers'
[    0.000000] x86/fpu: Enabled xstate features 0x7, context size is 832 bytes, using 'standard' format.
[    0.000000] e820: BIOS-provided physical RAM map:
[    0.000000] BIOS-e820: [mem 0x0000000000000000-0x000000000009fbff] usable
[    0.000000] BIOS-e820: [mem 0x000000000009fc00-0x000000000009ffff] reserved
[    0.000000] BIOS-e820: [mem 0x00000000000f0000-0x00000000000fffff] reserved
[    0.000000] BIOS-e820: [mem 0x0000000000100000-0x000000003ffeffff] usable
[    0.000000] BIOS-e820: [mem 0x000000003fff0000-0x000000003fffffff] ACPI data
[    0.000000] BIOS-e820: [mem 0x00000000fec00000-0x00000000fec00fff] reserved
[    0.000000] BIOS-e820: [mem 0x00000000fee00000-0x00000000fee00fff] reserved
[    0.000000] BIOS-e820: [mem 0x00000000fffc0000-0x00000000ffffffff] reserved
[    0.000000] NX (Execute Disable) protection: active
[    0.000000] SMBIOS 2.5 present.
[    0.000000] Hypervisor detected: KVM
[    0.000000] e820: last_pfn = 0x3fff0 max_arch_pfn = 0x400000000
[    0.000000] MTRR: Disabled
[    0.000000] x86/PAT: MTRRs disabled, skipping PAT initialization too.
[    0.000000] CPU MTRRs all blank - virtualized system.
[    0.000000] x86/PAT: Configuration [0-7]: WB  WT  UC- UC  WB  WT  UC- UC  
[    0.000000] found SMP MP-table at [mem 0x0009fff0-0x0009ffff] mapped at [ffff88000009fff0]
[    0.000000] Scanning 1 areas for low memory corruption
[    0.000000] RAMDISK: [mem 0x362e0000-0x37167fff]
[    0.000000] ACPI: Early table checksum verification disabled
[    0.000000] ACPI: RSDP 0x00000000000E0000 000024 (v02 VBOX  )
[    0.000000] ACPI: XSDT 0x000000003FFF0030 00003C (v01 VBOX   VBOXXSDT 00000001 ASL  00000061)
[    0.000000] ACPI: FACP 0x000000003FFF00F0 0000F4 (v04 VBOX   VBOXFACP 00000001 ASL  00000061)
[    0.000000] ACPI: DSDT 0x000000003FFF0470 002325 (v02 VBOX   VBOXBIOS 00000002 INTL 20100528)
[    0.000000] ACPI: FACS 0x000000003FFF0200 000040
[    0.000000] ACPI: FACS 0x000000003FFF0200 000040
[    0.000000] ACPI: APIC 0x000000003FFF0240 00005C (v02 VBOX   VBOXAPIC 00000001 ASL  00000061)
[    0.000000] ACPI: SSDT 0x000000003FFF02A0 0001CC (v01 VBOX   VBOXCPUT 00000002 INTL 20100528)
[    0.000000] No NUMA configuration found
[    0.000000] Faking a node at [mem 0x0000000000000000-0x000000003ffeffff]
[    0.000000] NODE_DATA(0) allocated [mem 0x3ffeb000-0x3ffeffff]
[    0.000000] kvm-clock: Using msrs 4b564d01 and 4b564d00
[    0.000000] kvm-clock: cpu 0, msr 0:3ffe3001, primary cpu clock
[    0.000000] kvm-clock: using sched offset of 5979463910 cycles
[    0.000000] clocksource: kvm-clock: mask: 0xffffffffffffffff max_cycles: 0x1cd42e4dffb, max_idle_ns: 881590591483 ns
[    0.000000] Zone ranges:
[    0.000000]   DMA      [mem 0x0000000000001000-0x0000000000ffffff]
[    0.000000]   DMA32    [mem 0x0000000001000000-0x000000003ffeffff]
[    0.000000]   Normal   empty
[    0.000000]   Device   empty
[    0.000000] Movable zone start for each node
[    0.000000] Early memory node ranges
[    0.000000]   node   0: [mem 0x0000000000001000-0x000000000009efff]
[    0.000000]   node   0: [mem 0x0000000000100000-0x000000003ffeffff]
[    0.000000] Initmem setup node 0 [mem 0x0000000000001000-0x000000003ffeffff]
[    0.000000] ACPI: PM-Timer IO Port: 0x4008
[    0.000000] IOAPIC[0]: apic_id 2, version 32, address 0xfec00000, GSI 0-23
[    0.000000] ACPI: INT_SRC_OVR (bus 0 bus_irq 0 global_irq 2 dfl dfl)
[    0.000000] ACPI: INT_SRC_OVR (bus 0 bus_irq 9 global_irq 9 low level)
[    0.000000] Using ACPI (MADT) for SMP configuration information
[    0.000000] smpboot: Allowing 2 CPUs, 0 hotplug CPUs
[    0.000000] PM: Registered nosave memory: [mem 0x00000000-0x00000fff]
[    0.000000] PM: Registered nosave memory: [mem 0x0009f000-0x0009ffff]
[    0.000000] PM: Registered nosave memory: [mem 0x000a0000-0x000effff]
[    0.000000] PM: Registered nosave memory: [mem 0x000f0000-0x000fffff]
[    0.000000] e820: [mem 0x40000000-0xfebfffff] available for PCI devices
[    0.000000] Booting paravirtualized kernel on KVM
[    0.000000] clocksource: refined-jiffies: mask: 0xffffffff max_cycles: 0xffffffff, max_idle_ns: 7645519600211568 ns
[    0.000000] setup_percpu: NR_CPUS:512 nr_cpumask_bits:512 nr_cpu_ids:2 nr_node_ids:1
[    0.000000] PERCPU: Embedded 33 pages/cpu @ffff88003fc00000 s95448 r8192 d31528 u1048576
[    0.000000] Built 1 zonelists in Node order, mobility grouping on.  Total pages: 257912
[    0.000000] Policy zone: DMA32
[    0.000000] Kernel command line: BOOT_IMAGE=/boot/vmlinuz-4.4.0-176-generic root=LABEL=cloudimg-rootfs ro console=tty1 console=ttyS0
[    0.000000] PID hash table entries: 4096 (order: 3, 32768 bytes)
[    0.000000] Memory: 997672K/1048120K available (8626K kernel code, 1336K rwdata, 4032K rodata, 1488K init, 1292K bss, 50448K reserved, 0K cma-reserved)
[    0.000000] SLUB: HWalign=64, Order=0-3, MinObjects=0, CPUs=2, Nodes=1
[    0.000000] Kernel/User page tables isolation: enabled
[    0.000000] Hierarchical RCU implementation.
[    0.000000] 	Build-time adjustment of leaf fanout to 64.
[    0.000000] 	RCU restricting CPUs from NR_CPUS=512 to nr_cpu_ids=2.
[    0.000000] RCU: Adjusting geometry for rcu_fanout_leaf=64, nr_cpu_ids=2
[    0.000000] NR_IRQS:33024 nr_irqs:440 16
[    0.000000] Console: colour VGA+ 80x25
[    0.000000] console [tty1] enabled
[    0.000000] console [ttyS0] enabled
[    0.000000] tsc: Detected 1600.000 MHz processor
[    0.316113] Calibrating delay loop (skipped) preset value.. 3200.00 BogoMIPS (lpj=6400000)
[    0.323167] pid_max: default: 32768 minimum: 301
[    0.325971] ACPI: Core revision 20150930
[    0.332760] ACPI: 2 ACPI AML tables successfully acquired and loaded
[    0.334849] Security Framework initialized
[    0.336285] Yama: becoming mindful.
[    0.337525] AppArmor: AppArmor initialized
[    0.338890] Dentry cache hash table entries: 131072 (order: 8, 1048576 bytes)
[    0.345882] Inode-cache hash table entries: 65536 (order: 7, 524288 bytes)
[    0.349937] Mount-cache hash table entries: 2048 (order: 2, 16384 bytes)
[    0.351923] Mountpoint-cache hash table entries: 2048 (order: 2, 16384 bytes)
[    0.354677] Initializing cgroup subsys io
[    0.355974] Initializing cgroup subsys memory
[    0.357274] Initializing cgroup subsys devices
[    0.362700] Initializing cgroup subsys freezer
[    0.364712] Initializing cgroup subsys net_cls
[    0.365932] Initializing cgroup subsys perf_event
[    0.367575] Initializing cgroup subsys net_prio
[    0.368982] Initializing cgroup subsys hugetlb
[    0.370169] Initializing cgroup subsys pids
[    0.372639] mce: CPU supports 0 MCE banks
[    0.379422] Last level iTLB entries: 4KB 64, 2MB 8, 4MB 8
[    0.382864] Last level dTLB entries: 4KB 64, 2MB 0, 4MB 0, 1GB 4
[    0.386064] Spectre V1 : Mitigation: usercopy/swapgs barriers and __user pointer sanitization
[    0.392321] Spectre V2 : Mitigation: Full generic retpoline
[    0.396372] Spectre V2 : Spectre v2 / SpectreRSB mitigation: Filling RSB on context switch
[    0.406192] Speculative Store Bypass: Vulnerable
[    0.413357] MDS: Mitigation: Clear CPU buffers
[    0.421089] Freeing SMP alternatives memory: 36K
[    0.439044] ftrace: allocating 32305 entries in 127 pages
[    0.555029] smpboot: APIC(0) Converting physical 0 to logical package 0
[    0.557037] smpboot: Max logical packages: 1
[    0.562599] x2apic enabled
[    0.567529] Switched APIC routing to physical x2apic.
[    0.571513] ..TIMER: vector=0x30 apic1=0 pin1=2 apic2=-1 pin2=-1
[    0.687857] smpboot: CPU0: Intel(R) Core(TM) i5-5250U CPU @ 1.60GHz (family: 0x6, model: 0x3d, stepping: 0x4)
[    0.703171] Performance Events: unsupported p6 CPU model 61 no PMU driver, software events only.
[    0.766563] KVM setup paravirtual spinlock
[    0.771696] x86: Booting SMP configuration:
[    0.774527] .... node  #0, CPUs:      #1
[    0.781765] kvm-clock: cpu 1, msr 0:3ffe3041, secondary cpu clock
[    0.789294] mce: CPU supports 0 MCE banks
[    0.802596] x86: Booted up 1 node, 2 CPUs
[    0.805865] smpboot: Total of 2 processors activated (6400.00 BogoMIPS)
[    0.811294] devtmpfs: initialized
[    0.816098] evm: security.selinux
[    0.817810] evm: security.SMACK64
[    0.819177] evm: security.SMACK64EXEC
[    0.820389] evm: security.SMACK64TRANSMUTE
[    0.821968] evm: security.SMACK64MMAP
[    0.823232] evm: security.ima
[    0.825451] evm: security.capability
[    0.828434] clocksource: jiffies: mask: 0xffffffff max_cycles: 0xffffffff, max_idle_ns: 7645041785100000 ns
[    0.835944] futex hash table entries: 512 (order: 3, 32768 bytes)
[    0.838327] pinctrl core: initialized pinctrl subsystem
[    0.839999] RTC time: 10:46:59, date: 03/25/20
[    0.845886] NET: Registered protocol family 16
[    0.861865] cpuidle: using governor ladder
[    0.873379] cpuidle: using governor menu
[    0.879367] PCCT header not found.
[    0.882664] ACPI: bus type PCI registered
[    0.885450] acpiphp: ACPI Hot Plug PCI Controller Driver version: 0.5
[    0.893440] PCI: Using configuration type 1 for base access
[    0.912838] ACPI: Added _OSI(Module Device)
[    0.914727] ACPI: Added _OSI(Processor Device)
[    0.916389] ACPI: Added _OSI(3.0 _SCP Extensions)
[    0.917913] ACPI: Added _OSI(Processor Aggregator Device)
[    0.920801] ACPI: Executed 1 blocks of module-level executable AML code
[    0.929718] ACPI: Interpreter enabled
[    0.931348] ACPI: (supports S0 S5)
[    0.932353] ACPI: Using IOAPIC for interrupt routing
[    0.934580] PCI: Using host bridge windows from ACPI; if necessary, use "pci=nocrs" and report a bug
[    0.945960] ACPI: PCI Root Bridge [PCI0] (domain 0000 [bus 00-ff])
[    0.948206] acpi PNP0A03:00: _OSC: OS supports [ASPM ClockPM Segments MSI]
[    0.951301] acpi PNP0A03:00: _OSC: not requesting OS control; OS requires [ExtendedConfig ASPM ClockPM MSI]
[    0.954293] acpi PNP0A03:00: fail to add MMCONFIG information, can't access extended PCI configuration space under this bridge.
[    0.959590] PCI host bridge to bus 0000:00
[    0.963465] pci_bus 0000:00: root bus resource [io  0x0000-0x0cf7 window]
[    0.966180] pci_bus 0000:00: root bus resource [io  0x0d00-0xffff window]
[    0.968883] pci_bus 0000:00: root bus resource [mem 0x000a0000-0x000bffff window]
[    0.970931] pci_bus 0000:00: root bus resource [mem 0x40000000-0xfdffffff window]
[    0.973774] pci_bus 0000:00: root bus resource [bus 00-ff]
[    0.980708] pci 0000:00:01.1: legacy IDE quirk: reg 0x10: [io  0x01f0-0x01f7]
[    0.983191] pci 0000:00:01.1: legacy IDE quirk: reg 0x14: [io  0x03f6]
[    0.986639] pci 0000:00:01.1: legacy IDE quirk: reg 0x18: [io  0x0170-0x0177]
[    0.988865] pci 0000:00:01.1: legacy IDE quirk: reg 0x1c: [io  0x0376]
[    1.036727] pci 0000:00:07.0: quirk: [io  0x4000-0x403f] claimed by PIIX4 ACPI
[    1.039510] pci 0000:00:07.0: quirk: [io  0x4100-0x410f] claimed by PIIX4 SMB
[    1.067010] ACPI: PCI Interrupt Link [LNKA] (IRQs 5 9 10 *11)
[    1.069812] ACPI: PCI Interrupt Link [LNKB] (IRQs 5 9 *10 11)
[    1.072197] ACPI: PCI Interrupt Link [LNKC] (IRQs 5 *9 10 11)
[    1.076475] ACPI: PCI Interrupt Link [LNKD] (IRQs 5 9 10 *11)
[    1.083129] ACPI: Enabled 2 GPEs in block 00 to 07
[    1.085651] vgaarb: setting as boot device: PCI:0000:00:02.0
[    1.087536] vgaarb: device added: PCI:0000:00:02.0,decodes=io+mem,owns=io+mem,locks=none
[    1.089986] vgaarb: loaded
[    1.091028] vgaarb: bridge control possible 0000:00:02.0
[    1.095559] SCSI subsystem initialized
[    1.097534] ACPI: bus type USB registered
[    1.098847] usbcore: registered new interface driver usbfs
[    1.100595] usbcore: registered new interface driver hub
[    1.102322] usbcore: registered new device driver usb
[    1.104529] PCI: Using ACPI for IRQ routing
[    1.109295] NetLabel: Initializing
[    1.110457] NetLabel:  domain hash size = 128
[    1.111717] NetLabel:  protocols = UNLABELED CIPSOv4
[    1.113235] NetLabel:  unlabeled traffic allowed by default
[    1.115215] amd_nb: Cannot enumerate AMD northbridges
[    1.117224] clocksource: Switched to clocksource kvm-clock
[    1.132367] AppArmor: AppArmor Filesystem Enabled
[    1.134141] pnp: PnP ACPI init
[    1.136831] pnp: PnP ACPI: found 3 devices
[    1.158762] clocksource: acpi_pm: mask: 0xffffff max_cycles: 0xffffff, max_idle_ns: 2085701024 ns
[    1.165891] NET: Registered protocol family 2
[    1.167710] TCP established hash table entries: 8192 (order: 4, 65536 bytes)
[    1.169841] TCP bind hash table entries: 8192 (order: 5, 131072 bytes)
[    1.171591] TCP: Hash tables configured (established 8192 bind 8192)
[    1.173544] UDP hash table entries: 512 (order: 2, 16384 bytes)
[    1.176105] UDP-Lite hash table entries: 512 (order: 2, 16384 bytes)
[    1.180327] NET: Registered protocol family 1
[    1.181904] pci 0000:00:00.0: Limiting direct PCI/PCI transfers
[    1.184519] pci 0000:00:01.0: Activating ISA DMA hang workarounds
[    1.186483] Unpacking initramfs...
[    1.543895] Freeing initrd memory: 14880K
[    1.549781] RAPL PMU detected, API unit is 2^-32 Joules, 4 fixed counters 10737418240 ms ovfl timer
[    1.553850] hw unit of domain pp0-core 2^-0 Joules
[    1.555812] hw unit of domain package 2^-0 Joules
[    1.558035] hw unit of domain dram 2^-0 Joules
[    1.563238] hw unit of domain pp1-gpu 2^-0 Joules
[    1.566749] clocksource: tsc: mask: 0xffffffffffffffff max_cycles: 0x171024fa93b, max_idle_ns: 440795253189 ns
[    1.574030] platform rtc_cmos: registered platform RTC device (no PNP device found)
[    1.580506] Scanning for low memory corruption every 60 seconds
[    1.587115] audit: initializing netlink subsys (disabled)
[    1.588985] audit: type=2000 audit(1585133227.311:1): initialized
[    1.590969] Initialise system trusted keyring
[    1.595702] HugeTLB registered 2 MB page size, pre-allocated 0 pages
[    1.600742] zbud: loaded
[    1.604889] VFS: Disk quotas dquot_6.6.0
[    1.606260] VFS: Dquot-cache hash table entries: 512 (order 0, 4096 bytes)
[    1.609846] squashfs: version 4.0 (2009/01/31) Phillip Lougher
[    1.612867] fuse init (API version 7.23)
[    1.614653] Key type big_key registered
[    1.615875] Allocating IMA MOK and blacklist keyrings.
[    1.620500] Key type asymmetric registered
[    1.621767] Asymmetric key parser 'x509' registered
[    1.623588] Block layer SCSI generic (bsg) driver version 0.4 loaded (major 249)
[    1.626805] io scheduler noop registered
[    1.629327] io scheduler deadline registered (default)
[    1.631568] io scheduler cfq registered
[    1.633482] pci_hotplug: PCI Hot Plug PCI Core version: 0.5
[    1.635274] pciehp: PCI Express Hot Plug Controller Driver version: 0.4
[    1.637574] ACPI: AC Adapter [AC] (off-line)
[    1.638960] input: Power Button as /devices/LNXSYSTM:00/LNXPWRBN:00/input/input0
[    1.642262] ACPI: Power Button [PWRF]
[    1.647606] input: Sleep Button as /devices/LNXSYSTM:00/LNXSLPBN:00/input/input1
[    1.651890] ACPI: Sleep Button [SLPF]
[    1.657137] ACPI: Battery Slot [BAT0] (battery present)
[    1.660156] GHES: HEST is not enabled!
[    1.665734] Serial: 8250/16550 driver, 32 ports, IRQ sharing enabled
[    1.690060] 00:02: ttyS0 at I/O 0x3f8 (irq = 4, base_baud = 115200) is a 16550A
[    1.697721] Linux agpgart interface v0.103
[    1.703322] loop: module loaded
[    1.706167] scsi host0: ata_piix
[    1.707776] scsi host1: ata_piix
[    1.712973] ata1: PATA max UDMA/33 cmd 0x1f0 ctl 0x3f6 bmdma 0xd000 irq 14
[    1.716090] ata2: PATA max UDMA/33 cmd 0x170 ctl 0x376 bmdma 0xd008 irq 15
[    1.719461] libphy: Fixed MDIO Bus: probed
[    1.721140] tun: Universal TUN/TAP device driver, 1.6
[    1.723678] tun: (C) 1999-2004 Max Krasnyansky <maxk@qualcomm.com>
[    1.730797] PPP generic driver version 2.4.2
[    1.736179] ehci_hcd: USB 2.0 'Enhanced' Host Controller (EHCI) Driver
[    1.738523] ehci-pci: EHCI PCI platform driver
[    1.739961] ehci-platform: EHCI generic platform driver
[    1.741976] ohci_hcd: USB 1.1 'Open' Host Controller (OHCI) Driver
[    1.748240] ohci-pci: OHCI PCI platform driver
[    1.750426] ohci-platform: OHCI generic platform driver
[    1.752766] uhci_hcd: USB Universal Host Controller Interface driver
[    1.755490] i8042: PNP: PS/2 Controller [PNP0303:PS2K,PNP0f03:PS2M] at 0x60,0x64 irq 1,12
[    1.760255] serio: i8042 KBD port at 0x60,0x64 irq 1
[    1.763568] serio: i8042 AUX port at 0x60,0x64 irq 12
[    1.766376] mousedev: PS/2 mouse device common for all mice
[    1.769627] rtc_cmos rtc_cmos: rtc core: registered rtc_cmos as rtc0
[    1.773449] rtc_cmos rtc_cmos: alarms up to one day, 114 bytes nvram
[    1.786999] i2c /dev entries driver
[    1.788894] device-mapper: uevent: version 1.0.3
[    1.793010] input: AT Translated Set 2 keyboard as /devices/platform/i8042/serio0/input/input2
[    1.800357] device-mapper: ioctl: 4.34.0-ioctl (2015-10-28) initialised: dm-devel@redhat.com
[    1.809262] ledtrig-cpu: registered to indicate activity on CPUs
[    1.816673] NET: Registered protocol family 10
[    1.819295] NET: Registered protocol family 17
[    1.821377] Key type dns_resolver registered
[    1.824795] registered taskstats version 1
[    1.830736] Loading compiled-in X.509 certificates
[    1.835835] Loaded X.509 cert 'Build time autogenerated kernel key: c2b7431ed9258328a3a0cf301f850647788d8e61'
[    1.845295] zswap: loaded using pool lzo/zbud
[    1.854901] Key type trusted registered
[    1.871859] Key type encrypted registered
[    1.879271] AppArmor: AppArmor sha1 policy hashing enabled
[    1.882764] ima: No TPM chip found, activating TPM-bypass!
[    1.899141] ima: Allocated hash algorithm: sha1
[    1.906156] evm: HMAC attrs: 0x1
[    1.917078]   Magic number: 12:156:781
[    1.924607] rtc_cmos rtc_cmos: setting system clock to 2020-03-25 10:47:00 UTC (1585133220)
[    1.938050] BIOS EDD facility v0.16 2004-Jun-25, 0 devices found
[    1.941539] EDD information not available.
[    1.950096] Freeing unused kernel memory: 1488K
[    1.952824] Write protecting the kernel read-only data: 14336k
[    1.960426] Freeing unused kernel memory: 1604K
[    1.965085] Freeing unused kernel memory: 64K
Loading, please wait...
starting version 229
[    2.030024] random: systemd-udevd: uninitialized urandom read (16 bytes read, 5 bits of entropy available)
[    2.031573] random: udevadm: uninitialized urandom read (16 bytes read, 5 bits of entropy available)
[    2.031734] random: udevadm: uninitialized urandom read (16 bytes read, 5 bits of entropy available)
[    2.053091] random: udevadm: uninitialized urandom read (16 bytes read, 5 bits of entropy available)
[    2.053279] random: udevadm: uninitialized urandom read (16 bytes read, 5 bits of entropy available)
[    2.053758] random: udevadm: uninitialized urandom read (16 bytes read, 5 bits of entropy available)
[    2.053869] random: udevadm: uninitialized urandom read (16 bytes read, 5 bits of entropy available)
[    2.053987] random: udevadm: uninitialized urandom read (16 bytes read, 5 bits of entropy available)
[    2.054081] random: udevadm: uninitialized urandom read (16 bytes read, 5 bits of entropy available)
[    2.054177] random: udevadm: uninitialized urandom read (16 bytes read, 5 bits of entropy available)
[    2.147749] Fusion MPT base driver 3.04.20
[    2.152021] Copyright (c) 1999-2008 LSI Corporation
[    2.157630] e1000: Intel(R) PRO/1000 Network Driver - version 7.3.21-k8-NAPI
[    2.167618] e1000: Copyright (c) 1999-2006 Intel Corporation.
[    2.217830] Fusion MPT SPI Host driver 3.04.20
[    2.289465] AVX2 version of gcm_enc/dec engaged.
[    2.291404] AES CTR mode by8 optimization enabled
[    2.399103] input: ImExPS/2 Generic Explorer Mouse as /devices/platform/i8042/serio1/input/input4
[    2.822656] e1000 0000:00:03.0 eth0: (PCI:33MHz:32-bit) 02:90:e9:96:cf:60
[    2.824487] e1000 0000:00:03.0 eth0: Intel(R) PRO/1000 Network Connection
[    3.603826] e1000 0000:00:08.0 eth1: (PCI:33MHz:32-bit) 08:00:27:eb:3b:f7
[    3.605951] e1000 0000:00:08.0 eth1: Intel(R) PRO/1000 Network Connection
[    3.609881] mptbase: ioc0: Initiating bringup
[    3.615034] e1000 0000:00:03.0 enp0s3: renamed from eth0
[    3.630136] e1000 0000:00:08.0 enp0s8: renamed from eth1
[    3.679628] ioc0: LSI53C1030 A0: Capabilities={Initiator}
[    3.848591] scsi host2: ioc0: LSI53C1030 A0, FwRev=00000000h, Ports=1, MaxQ=256, IRQ=20
[    3.964848] scsi 2:0:0:0: Direct-Access     VBOX     HARDDISK         1.0  PQ: 0 ANSI: 5
[    3.969171] scsi target2:0:0: Beginning Domain Validation
[    3.989355] scsi target2:0:0: Domain Validation skipping write tests
[    3.991138] scsi target2:0:0: Ending Domain Validation
[    3.996533] scsi target2:0:0: asynchronous
[    4.000623] scsi 2:0:1:0: Direct-Access     VBOX     HARDDISK         1.0  PQ: 0 ANSI: 5
[    4.003250] scsi target2:0:1: Beginning Domain Validation
[    4.007052] scsi target2:0:1: Domain Validation skipping write tests
[    4.010341] scsi target2:0:1: Ending Domain Validation
[    4.015620] scsi target2:0:1: asynchronous
[    4.034643] sd 2:0:0:0: [sda] 20971520 512-byte logical blocks: (10.7 GB/10.0 GiB)
[    4.036953] sd 2:0:0:0: Attached scsi generic sg0 type 0
[    4.039006] sd 2:0:1:0: [sdb] 20480 512-byte logical blocks: (10.5 MB/10.0 MiB)
[    4.042377] sd 2:0:1:0: Attached scsi generic sg1 type 0
[    4.055168] sd 2:0:0:0: [sda] Write Protect is off
[    4.055819] sd 2:0:1:0: [sdb] Write Protect is off
[    4.056700] sd 2:0:1:0: [sdb] Incomplete mode parameter data
[    4.056702] sd 2:0:1:0: [sdb] Assuming drive cache: write through
[    4.066836] sd 2:0:1:0: [sdb] Attached SCSI disk
[    4.069994] sd 2:0:0:0: [sda] Incomplete mode parameter data
[    4.071999] sd 2:0:0:0: [sda] Assuming drive cache: write through
[    4.080140]  sda: sda1
[    4.085359] sd 2:0:0:0: [sda] Attached SCSI disk
Begin: Loading essential drivers ... [    5.840935] md: linear personality registered for level -1
[    5.852253] md: multipath personality registered for level -4
[    5.858276] md: raid0 personality registered for level 0
[    5.871892] md: raid1 personality registered for level 1
[    5.953595] raid6: sse2x1   gen()  4342 MB/s
[    6.033102] raid6: sse2x1   xor()  3619 MB/s
[    6.101597] raid6: sse2x2   gen()  4873 MB/s
[    6.169451] raid6: sse2x2   xor()  4495 MB/s
[    6.237736] raid6: sse2x4   gen()  7200 MB/s
[    6.309779] raid6: sse2x4   xor()  4893 MB/s
[    6.381533] raid6: avx2x1   gen()  8484 MB/s
[    6.449323] raid6: avx2x2   gen() 10385 MB/s
[    6.517758] raid6: avx2x4   gen() 11937 MB/s
[    6.519695] raid6: using algorithm avx2x4 gen() 11937 MB/s
[    6.521592] raid6: using avx2x2 recovery algorithm
[    6.524858] xor: automatically using best checksumming function:
[    6.569404]    avx       : 19185.000 MB/sec
[    6.572214] async_tx: api initialized (async)
[    6.605305] md: raid6 personality registered for level 6
[    6.607248] md: raid5 personality registered for level 5
[    6.610105] md: raid4 personality registered for level 4
[    6.632176] md: raid10 personality registered for level 10
done.
Begin: Running /scripts/init-premount ... done.
Begin: Mounting root file system ... Begin: Running /scripts/local-top ... done.
Begin: Running /scripts/local-premount ... [    6.696855] Btrfs loaded
Scanning for Btrfs filesystems
done.
Warning: fsck not present, so skipping root file system
[    6.783544] EXT4-fs (sda1): mounted filesystem with ordered data mode. Opts: (null)
done.
Begin: Running /scripts/local-bottom ... done.
Begin: Running /scripts/init-bottom ... done.
[    7.223962] systemd[1]: systemd 229 running in system mode. (+PAM +AUDIT +SELINUX +IMA +APPARMOR +SMACK +SYSVINIT +UTMP +LIBCRYPTSETUP +GCRYPT +GNUTLS +ACL +XZ -LZ4 +SECCOMP +BLKID +ELFUTILS +KMOD -IDN)
[    7.235463] systemd[1]: Detected virtualization oracle.
[    7.237394] systemd[1]: Detected architecture x86-64.

Welcome to [1mUbuntu 16.04.6 LTS[0m!

[    7.251761] systemd[1]: Set hostname to <ubuntu>.
[    7.262806] systemd[1]: Initializing machine ID from random generator.
[    7.266214] systemd[1]: Installed transient /etc/machine-id file.
[    7.661429] systemd[1]: Listening on Device-mapper event daemon FIFOs.
[[0;32m  OK  [0m] Listening on Device-mapper event daemon FIFOs.
[    7.666270] systemd[1]: Reached target System Time Synchronized.
[[0;32m  OK  [0m] Reached target System Time Synchronized.
[    7.672549] systemd[1]: Created slice User and Session Slice.
[[0;32m  OK  [0m] Created slice User and Session Slice.
[    7.677140] systemd[1]: Reached target User and Group Name Lookups.
[[0;32m  OK  [0m] Reached target User and Group Name Lookups.
[    7.682716] systemd[1]: Reached target Encrypted Volumes.
[[0;32m  OK  [0m] Reached target Encrypted Volumes.
[    7.686819] systemd[1]: Listening on udev Control Socket.
[[0;32m  OK  [0m] Listening on udev Control Socket.
[    7.691786] systemd[1]: Listening on LVM2 poll daemon socket.
[[0;32m  OK  [0m] Listening on LVM2 poll daemon socket.
[    7.697537] systemd[1]: Created slice System Slice.
[[0;32m  OK  [0m] Created slice System Slice.
[    7.702430] systemd[1]: Created slice system-serial\x2dgetty.slice.
[[0;32m  OK  [0m] Created slice system-serial\x2dgetty.slice.
[    7.707575] systemd[1]: Listening on Journal Socket (/dev/log).
[[0;32m  OK  [0m] Listening on Journal Socket (/dev/log).
[    7.712107] systemd[1]: Listening on Syslog Socket.
[[0;32m  OK  [0m] Listening on Syslog Socket.
[    7.716564] systemd[1]: Listening on Journal Socket.
[[0;32m  OK  [0m] Listening on Journal Socket.
[    8.030302] systemd[1]: Starting Create list of required static device nodes for the current kernel...
         Starting Create list of required st... nodes for the current kernel...
[    8.047167] systemd[1]: Mounting Huge Pages File System...
         Mounting Huge Pages File System...
[    8.055039] systemd[1]: Mounting Debug File System...
         Mounting Debug File System...
[    8.071134] systemd[1]: Starting Uncomplicated firewall...
         Starting Uncomplicated firewall...
[    8.077201] systemd[1]: Listening on /dev/initctl Compatibility Named Pipe.
[[0;32m  OK  [0m] Listening on /dev/initctl Compatibility Named Pipe.
[    8.090199] systemd[1]: Started Forward Password Requests to Wall Directory Watch.
[[0;32m  OK  [0m] Started Forward Password Requests to Wall Directory Watch.
[    8.102777] systemd[1]: Starting Nameserver information manager...
         Starting Nameserver information manager...
[    8.108980] systemd[1]: Set up automount Arbitrary Executable File Formats File System Automount Point.
[[0;32m  OK  [0m] Set up automount Arbitrary Executab...ats File System Automount Point.
[    8.122541] systemd[1]: Reached target Slices.
[[0;32m  OK  [0m] Reached target Slices.
[    8.146801] systemd[1]: Starting Set console keymap...
[    8.151927] random: nonblocking pool is initialized
         Starting Set console keymap...
[    8.156179] systemd[1]: Listening on LVM2 metadata daemon socket.
[[0;32m  OK  [0m] Listening on LVM2 metadata daemon socket.
[    8.169588] systemd[1]: Reached target Swap.
[[0;32m  OK  [0m] Reached target Swap.
[    8.175491] systemd[1]: Listening on Journal Audit Socket.
[[0;32m  OK  [0m] Listening on Journal Audit Socket.
[    8.201630] systemd[1]: Starting Remount Root and Kernel File Systems...
         Starting Remount Root and Kernel[    8.231062] EXT4-fs (sda1): re-mounted. Opts: (null)
 File Systems...
[    8.248086] systemd[1]: Starting Monitoring of LVM2 mirrors, snapshots etc. using dmeventd or progress polling...
         Starting Monitoring of LVM2 mirrors... dmeventd or progress polling...
[    8.281867] systemd[1]: Mounting POSIX Message Queue File System...
         Mounting POSIX Message Queue File System...
[    8.306572] systemd[1]: Started Trigger resolvconf update for networkd DNS.
[[0;32m  OK  [0m] Started Trigger resolvconf update for networkd DNS.
[    8.318416] systemd[1]: Listening on udev Kernel Socket.
[[0;32m  OK  [0m] Listening on udev Kernel Socket.
[    8.357944] systemd[1]: Starting Load Kernel Modules...
         Starting Load Kernel Modules...
[    8.372553] systemd[1]: Starting Journal Service...
         Starting Journal Service...
[    8.397962] Loading iSCSI transport class v2.0-870.
[    8.421580] iscsi: registered transport (tcp)
[    8.422819] systemd[1]: Mounted POSIX Message Queue File System.
[[0;32m  OK  [0m] Mounted POSIX Message Queue File System.
[    8.446810] systemd[1]: Mounted Huge Pages File System.
[[0;32m  OK  [0m] Mounted Huge Pages File System.
[    8.450767] systemd[1]: Mounted Debug File System.
[[0;32m  OK  [0m] Mounted Debug File System.
[    8.455504] systemd[1]: Started Create list of required static device nodes for the current kernel.
[[0;32m  OK  [0m] Started Create list of required sta...ce nodes for the current kernel.
[    8.468827] systemd[1]: Started Uncomplicated firewall.
[[0;32m  OK  [0m] Started Uncomplicated firewall.
[    8.490858] systemd[1]: Started Set console keymap.
[[0;32m  OK  [0m] Started Set console keymap.
[    8.500411] systemd[1]: Started Remount Root and Kernel File Systems.
[[0;32m  OK  [0m] Started Remount Root and Kernel File Systems.
[    8.511122] systemd[1]: Started Nameserver information manager.
[[0;32m  OK  [0m] Started Nameserver information manager.
[    8.525029] systemd[1]: Started Journal Service.
[    8.529657] iscsi: registered transport (iser)
[[0;32m  OK  [0m] Started Journal Service.
[[0;32m  OK  [0m] Started Load Kernel Modules.
[[0;32m  OK  [0m] Started LVM2 metadata daemon.
         Mounting FUSE Control File System...
         Starting Apply Kernel Variables...
         Starting Load/Save Random Seed...
         Starting Flush Journal to Persistent Storage...
         Starting udev Coldplug all Devices...
         Starting Create Static Device Nodes in /dev...
[[0;32m  OK  [0m] Mounted FUSE Control File System.
[[0;32m  OK  [0m] Started Load/Save Random Seed.
[    8.623311] systemd-journald[402]: Received request to flush runtime journal from PID 1
[[0;32m  OK  [0m] Started Flush Journal to Persistent Storage.
[[0;32m  OK  [0m] Started Apply Kernel Variables.
[[0;32m  OK  [0m] Started Create Static Device Nodes in /dev.
         Starting udev Kernel Device Manager...
[[0;32m  OK  [0m] Started udev Coldplug all Devices.
[[0;32m  OK  [0m] Started udev Kernel Device Manager.
[[0;32m  OK  [0m] Started Dispatch Password Requests to Console Directory Watch.
[[0;32m  OK  [0m] Found device /dev/ttyS0.
[[0;32m  OK  [0m] Listening on Load/Save RF Kill Switch Status /dev/rfkill Watch.
[[0;32m  OK  [0m] Started Monitoring of LVM2 mirrors,...ng dmeventd or progress polling.
[[0;32m  OK  [0m] Reached target Local File Systems (Pre).
[[0;32m  OK  [0m] Reached target Local File Systems.
         Starting Tell Plymouth To Write Out Runtime Data...
         Starting Create Volatile Files and Directories...
         Starting Initial cloud-init job (pre-networking)...
         Starting Set console font and keymap...
         Starting LSB: AppArmor initialization...
         Starting Commit a transient machine-id on disk...
[[0;32m  OK  [0m] Started Tell Plymouth To Write Out Runtime Data.
[[0;32m  OK  [0m] Started Create Volatile Files and Directories.
         Starting Update UTMP about System Boot/Shutdown...
[[0;32m  OK  [0m] Started Commit a transient machine-id on disk.
[[0;32m  OK  [0m] Started Update UTMP about System Boot/Shutdown.
[[0;32m  OK  [0m] Started Set console font and keymap.
[[0;32m  OK  [0m] Created slice system-getty.slice.
[[0;32m  OK  [0m] Started LSB: AppArmor initialization.
[   12.996961] cloud-init[611]: Cloud-init v. 19.4-33-gbb4131a2-0ubuntu1~16.04.1 running 'init-local' at Wed, 25 Mar 2020 10:47:10 +0000. Up 11.91 seconds.
[[0;32m  OK  [0m] Started Initial cloud-init job (pre-networking).
[[0;32m  OK  [0m] Reached target Network (Pre).
         Starting Raise network interfaces...
[[0;32m  OK  [0m] Started Raise network interfaces.
[[0;32m  OK  [0m] Reached target Network.
         Starting Initial cloud-init job (metadata service crawler)...
[   15.797745] cloud-init[965]: Cloud-init v. 19.4-33-gbb4131a2-0ubuntu1~16.04.1 running 'init' at Wed, 25 Mar 2020 10:47:13 +0000. Up 14.39 seconds.
[   15.800535] cloud-init[965]: ci-info: ++++++++++++++++++++++++++++++++++++++Net device info+++++++++++++++++++++++++++++++++++++++
[   15.804251] cloud-init[965]: ci-info: +--------+-------+----------------------------+---------------+--------+-------------------+
[   15.808946] cloud-init[965]: ci-info: | Device |   Up  |          Address           |      Mask     | Scope  |     Hw-Address    |
[   15.812112] cloud-init[965]: ci-info: +--------+-------+----------------------------+---------------+--------+-------------------+
[   15.821936] cloud-init[965]: ci-info: | enp0s3 |  True |         10.0.2.15          | 255.255.255.0 | global | 02:90:e9:96:cf:60 |
[   15.827247] cloud-init[965]: ci-info: | enp0s3 |  True | fe80::90:e9ff:fe96:cf60/64 |       .       |  link  | 02:90:e9:96:cf:60 |
[   15.830358] cloud-init[965]: ci-info: | enp0s8 | False |             .              |       .       |   .    | 08:00:27:eb:3b:f7 |
[   15.833966] cloud-init[965]: ci-info: |   lo   |  True |         127.0.0.1          |   255.0.0.0   |  host  |         .         |
[   15.844705] cloud-init[965]: ci-info: |   lo   |  True |          ::1/128           |       .       |  host  |         .         |
[   15.852704] cloud-init[965]: ci-info: +--------+-------+----------------------------+---------------+--------+-------------------+
[   15.856818] cloud-init[965]: ci-info: +++++++++++++++++++++++++++Route IPv4 info++++++++++++++++++++++++++++
[   15.860729] cloud-init[965]: ci-info: +-------+-------------+----------+---------------+-----------+-------+
[   15.863062] cloud-init[965]: ci-info: | Route | Destination | Gateway  |    Genmask    | Interface | Flags |
[   15.869445] cloud-init[965]: ci-info: +-------+-------------+----------+---------------+-----------+-------+
[   15.875683] cloud-init[965]: ci-info: |   0   |   0.0.0.0   | 10.0.2.2 |    0.0.0.0    |   enp0s3  |   UG  |
[   15.885803] cloud-init[965]: ci-info: |   1   |   10.0.2.0  | 0.0.0.0  | 255.255.255.0 |   enp0s3  |   U   |
[   15.892992] cloud-init[965]: ci-info: +-------+-------------+----------+---------------+-----------+-------+
[   15.899207] cloud-init[965]: ci-info: +++++++++++++++++++Route IPv6 info+++++++++++++++++++
[   15.903174] cloud-init[965]: ci-info: +-------+-------------+---------+-----------+-------+
[   15.909871] cloud-init[965]: ci-info: | Route | Destination | Gateway | Interface | Flags |
[   15.913280] cloud-init[965]: ci-info: +-------+-------------+---------+-----------+-------+
[   15.921048] cloud-init[965]: ci-info: |   0   |  fe80::/64  |    ::   |   enp0s3  |   U   |
[   15.926574] cloud-init[965]: ci-info: |   3   |   ff00::/8  |    ::   |   enp0s3  |   U   |
[   15.938909] cloud-init[965]: ci-info: +-------+-------------+---------+-----------+-------+
[   15.941937] cloud-init[965]: Generating public/private rsa key pair.
[   15.944967] cloud-init[965]: Your identification has been saved in /etc/ssh/ssh_host_rsa_key.
[   15.948043] cloud-init[965]: Your public key has been saved in /etc/ssh/ssh_host_rsa_key.pub.
[   15.953800] cloud-init[965]: The key fingerprint is:
[   15.957991] cloud-init[965]: SHA256:RATP0LCWuj7FMzKQBJYAdR1xhKepEZC+/z7/YECDlA0 root@ubuntu-xenial
[   15.964794] cloud-init[965]: The key's randomart image is:
[   15.966954] cloud-init[965]: +---[RSA 2048]----+
[   15.969249] cloud-init[965]: |*++oE=*X=        |
[[0;32m  OK  [0m] Started Initial cloud-init job (metadata service crawler).
[[0;32m  OK  [0m] Reached target Network is Online.
[   15.984151] cloud-init[965]: |..ooo.+Oo        |
[   15.995122] cloud-init[965]: | o ...*++        |
[   15.997007] cloud-init[965]: |  + .+oo         |
[   15.998629] cloud-init[965]: |   o.+. S        |
[   16.002244]          cloud-initStarting iSCSI initiator daemon (iscsid)...[965]: 
|  . +.=.         |
[   16.003307] cloud-init[965]: |   ..+ oo        |
[[0;32m  OK  [0m] Reached target System Initialization.
[[0;32m  OK  [0m] Listening on ACPID Listen Socket.
[[0;32m  OK  [0m] Listening on D-Bus System Message Bus Socket.
         Starting Socket activation for snappy daemon.
[   16.017474] cloud-init[965]: |   .o .. .       |
[   16.061058] cloud-init[965]: |    .+oo...      |
         Starting LXD - unix socket.
[[0;32m  OK  [0m] Started Message of the Day.
[[0;32m  OK  [0m] Started Daily Cleanup of Temporary Directories.
[   16.067378] cloud-init[965]: +----[SHA256]-----+
[   16.080501] cloud-init[965]: Generating public/private dsa key pair.
[   16.080648] cloud-init[965]: Your identification has been saved in /etc/ssh/ssh_host_dsa_key.
[   16.080846] cloud-init[965]: Your public key has been saved in /etc/ssh/ssh_host_dsa_key.pub.
[   16.080929] cloud-init[965]: The key fingerprint is:
[   16.081395] cloud-init[965]: SHA256:+EV5Nrka8kH2XplX4N0y4O9BVKR35nBTbnPX+7q3MU0 root@ubuntu-xenial
[   16.081820] cloud-init[965]: The key's randomart image is:
[[0;32m  OK  [0m] Started Daily apt download activities.
[[0;32m  OK  [0m] Started Daily apt upgrade and clean activities.
[[0;32m  OK  [0m] Reached target Timers.
[   16.083966] cloud-init[965]: +---[DSA 1024]----+
[[0;32m  OK  [0m] Started ACPI Events Check.
[[0;32m  OK  [0m] Reached target Paths.
[   16.108768] cloud-init[965]: |            . oo+|
[   16.112387] cloud-init[965]: |           o = =+|
[   16.113555] cloud-init[965]: |          = * Bo#|
[   16.113699] cloud-init[965]: |       . + + = %O|
[   16.113785] cloud-init[965]: |      . S + o *.E|
[   16.114273] cloud-init[965]: |       . + = o +o|
[   16.114730] cloud-init[965]: |        . o . .oo|
[   16.114817] cloud-init[965]: |               .+|
[   16.114990] cloud-init[965]: |              o+.|
[   16.115156] cloud-init[965]: +----[SHA256]-----+
[   16.115853] cloud-init[965]: Generating public/private ecdsa key pair.
[[0;32m  OK  [0m] Listening on UUID daemon activation socket.
[[0;32m  OK  [0m] Reached target Cloud-config availability.
[   16.116001] cloud-init[965]: Your identification has been saved in /etc/ssh/ssh_host_ecdsa_key.
[[0;32m  OK  [0m] Listening on Socket activation for snappy daemon.
[[0;32m  OK  [0m] Listening on LXD - unix socket.
[   16.139600] cloud-init[965]: Your public key has been saved in /etc/ssh/ssh_host_ecdsa_key.pub.
[   16.152298] cloud-init[965]: The key fingerprint is:
[[0;32m  OK  [0m] Reached target Sockets.
[[0;32m  OK  [0m] Reached target Basic System.
         Starting System Logging Service...
[   16.158109] cloud-init[965]: SHA256:FWQlHf3Sll6WbiRZYPPleDFyi92iwOgqVLS63maZgxY root@ubuntu-xenial
[   16.180089] cloud-init[965]: The key's randomart image is:
[   16.183121] cloud-init[965]: +---[ECDSA 256]---+
[   16.202838]          cloud-initStarting Pollinate to seed the pseudo random number generator...[965]: 
|      .  .=ooB.+.|
[   16.209379] cloud-init[965]: |     . . + oo O+*|
         Starting Login Service...
[[0;32m  OK  [0m] Started FUSE filesystem for LXC.
[[0;32m  OK  [0m] Started ACPI event daemon.
[   16.226469] cloud-init[965]: |      o . +  .=**|
[   16.281039] cloud-init[965]: |     o . . . +.**|
[   16.281861] cloud-init[965]: |    o   S   . =+.|
[   16.282153] cloud-init[965]: |   .E. .       + |
         Starting Accounts Service...
[   16.282241] cloud-init[965]: |    oo.o      .  |
[   16.298836] cloud-init[965]: |   .oo*          |
[[0;32m  OK  [0m] Started D-Bus System Message Bus.
[   16.315730] cloud-init[965]: |   ..o..         |
[   16.320369] cloud-init[965]: +----[SHA256]-----+
[   16.326393] cloud-init[965]: Generating public/private ed25519 key pair.
[   16.329400] cloud-init[965]: Your identification has been saved in /etc/ssh/ssh_host_ed25519_key.
[   16.337643] cloud-init[965]: Your public key has been saved in /etc/ssh/ssh_host_ed25519_key.pub.
[   16.341669] cloud-init[965]: The key fingerprint is:
[   16.365853] cloud-init[965]: SHA256:WTEOIaBEkAKfjEVDxXQXNgFpGiDZQazzUUoMPORc/h0 root@ubuntu-xenial
[   16.378339] cloud-init[965]: The key's randomart image is:
[   16.384463] cloud-init[965]: +--[ED25519 256]--+
[   16.392793] cloud-init[965]: |O#@B+.+oO+o      |
[   16.400324] cloud-init[965]: |*XB++.o+ + o     |
[   16.403404] cloud-init[965]: |o=*+ + E  o      |
[   16.412669] cloud-init[965]: |o o o . .o       |
[   16.416409] cloud-init[965]: | o . . .S        |
[   16.421358] cloud-init[965]: |  .              |
[   16.437551] cloud-init[965]: |                 |
         Starting Virtualbox guest utils...
[[0;32m  OK  [0m] Started Deferred execution scheduler.
         Starting LSB: MD monitoring daemon...
[   16.485488] cloud-init[965]: |                 |
         [   16.493308] cloud-init[965]: |                 |
[   16.493638] cloud-init[965]: +----[SHA256]-----+
Starting /etc/rc.local Compatibility...
[[0;32m  OK  [0m] Started Regular background program processing daemon.
         Starting LXD - container startup/shutdown...
         Starting LSB: Record successful boot for GRUB...
         Starting Snappy daemon...
[[0;32m  OK  [0m] Started System Logging Service.
[[0;32m  OK  [0m] Started iSCSI initiator daemon (iscsid).
[[0;32m  OK  [0m] Started /etc/rc.local Compatibility.
[[0;32m  OK  [0m] Started Login Service.
[[0;32m  OK  [0m] Started Unattended Upgrades Shutdown.
         Starting Authenticate and Authorize Users to Run Privileged Tasks...
         Starting Login to default iSCSI targets...
[[0;32m  OK  [0m] Started LSB: MD monitoring daemon.
[[0;32m  OK  [0m] Started LSB: Record successful boot for GRUB.
[[0;32m  OK  [0m] Started Login to default iSCSI targets.
[[0;32m  OK  [0m] Reached target Remote File Systems (Pre).
[[0;32m  OK  [0m] Reached target Remote File Systems.
         Starting LSB: Set the CPU Frequency Scaling governor to "ondemand"...
         Starting LSB: daemon to balance interrupts for SMP systems...
         Starting Permit User Sessions...
         Starting LSB: automatic crash report generation...
[[0;32m  OK  [0m] Started Authenticate and Authorize Users to Run Privileged Tasks.
[[0;32m  OK  [0m] Started Permit User Sessions.
         Starting Terminate Plymouth Boot Screen...
         Starting Hold until boot process finishes up...
[[0;32m  OK  [0m] Started Hold until boot process finishes up.
[[0;32m  OK  [0m] Started Terminate Plymouth Boot Screen.
         Starting Set console scheme...
[[0;32m  OK  [0m] Started Getty on tty1.
[[0;32m  OK  [0m] Started Serial Getty on ttyS0.
[[0;32m  OK  [0m] Reached target Login Prompts.
[[0;32m  OK  [0m] Started Set console scheme.
[[0;32m  OK  [0m] Started Accounts Service.
[[0;32m  OK  [0m] Started LSB: Set the CPU Frequency Scaling governor to "ondemand".
[[0;32m  OK  [0m] Started LSB: daemon to balance interrupts for SMP systems.
[[0;32m  OK  [0m] Started LSB: automatic crash report generation.
[[0;32m  OK  [0m] Started Virtualbox guest utils.
[[0;32m  OK  [0m] Started LXD - container startup/shutdown.
[[0;32m  OK  [0m] Started Pollinate to seed the pseudo random number generator.
         Starting OpenBSD Secure Shell server...
[[0;32m  OK  [0m] Started OpenBSD Secure Shell server.
[[0;32m  OK  [0m] Started Snappy daemon.
         Starting Wait until snapd is fully seeded...
[[0;32m  OK  [0m] Started Wait until snapd is fully seeded.
         Starting Apply the settings specified in cloud-config...
[[0;32m  OK  [0m] Reached target Multi-User System.
[[0;32m  OK  [0m] Reached target Graphical Interface.
         Starting Update UTMP about System Runlevel Changes...
[[0;32m  OK  [0m] Started Update UTMP about System Runlevel Changes.
[[0;32m  OK  [0m] Created slice User Slice of vagrant.
         Starting User Manager for UID 1000...
[[0;32m  OK  [0m] Started Session 1 of user vagrant.
[[0;32m  OK  [0m] Started User Manager for UID 1000.
[   20.469399] cloud-init[1335]: Generating locales (this might take a while)...

Ubuntu 16.04.6 LTS ubuntu-xenial ttyS0

ubuntu-xenial login: [   23.405739] cloud-init[1335]:   en_US.UTF-8... done
[   23.419559] cloud-init[1335]: Generation complete.
[   25.051021] cloud-init[1335]: Cloud-init v. 19.4-33-gbb4131a2-0ubuntu1~16.04.1 running 'modules:config' at Wed, 25 Mar 2020 10:47:19 +0000. Up 20.05 seconds.
ci-info: no authorized SSH keys fingerprints found for user ubuntu.
<14>Mar 25 10:47:26 ec2: 
<14>Mar 25 10:47:26 ec2: #############################################################
<14>Mar 25 10:47:26 ec2: -----BEGIN SSH HOST KEY FINGERPRINTS-----
<14>Mar 25 10:47:26 ec2: 1024 SHA256:+EV5Nrka8kH2XplX4N0y4O9BVKR35nBTbnPX+7q3MU0 root@ubuntu-xenial (DSA)
<14>Mar 25 10:47:26 ec2: 256 SHA256:FWQlHf3Sll6WbiRZYPPleDFyi92iwOgqVLS63maZgxY root@ubuntu-xenial (ECDSA)
<14>Mar 25 10:47:26 ec2: 256 SHA256:WTEOIaBEkAKfjEVDxXQXNgFpGiDZQazzUUoMPORc/h0 root@ubuntu-xenial (ED25519)
<14>Mar 25 10:47:26 ec2: 2048 SHA256:RATP0LCWuj7FMzKQBJYAdR1xhKepEZC+/z7/YECDlA0 root@ubuntu-xenial (RSA)
<14>Mar 25 10:47:26 ec2: -----END SSH HOST KEY FINGERPRINTS-----
<14>Mar 25 10:47:26 ec2: #############################################################
-----BEGIN SSH HOST KEY KEYS-----
ecdsa-sha2-nistp256 AAAAE2VjZHNhLXNoYTItbmlzdHAyNTYAAAAIbmlzdHAyNTYAAABBBO1a4h1c4eBZ1ehCnXxXKH07OUrfScTvdFCX2WWZHo9ullqMnw8XKtHpL+VGybG3YnunonxF4STqxoqkwkBHTrE= root@ubuntu-xenial
ssh-ed25519 AAAAC3NzaC1lZDI1NTE5AAAAIJ/Nv7AxBnnv1cUb3b6/iVJgwLsokuai+hnD4oI8dr+W root@ubuntu-xenial
ssh-rsa AAAAB3NzaC1yc2EAAAADAQABAAABAQDBr7B9+PLqIF7To4BH4KhtuYyM3N1gwZQuSTNANrFTsz5q5+ZGXHC8AKkMnt51xTVUK1BD3Te0nXTsgl6HWEhSAcNrQQmV/XYWcTd15XNLm3AHUE5+tznzbX9magWJIpDV5iuYyt/w4AE+IhkLyLjs1svIKQmngpzANLWRUitL4p+PEBhzne9XiNrk4sx89sC+HHngvU3VW0Atfqt6FrH+XzvJAp9y1izwoagw7MSLzbUzB7ADUSSZMO4NYM1IZFEVtyQ7zN3ukBYJyypaihR1yFw6QxwRmSsN+jF/o0wGiLlxAhOgoie4uNSK7XokRGhN5cbwKgFbYt+QCygtN5BL root@ubuntu-xenial
-----END SSH HOST KEY KEYS-----
[   27.364185] cloud-init[1608]: Cloud-init v. 19.4-33-gbb4131a2-0ubuntu1~16.04.1 running 'modules:final' at Wed, 25 Mar 2020 10:47:25 +0000. Up 26.88 seconds.
[   27.364435] cloud-init[1608]: ci-info: no authorized SSH keys fingerprints found for user ubuntu.
[   27.364651] cloud-init[1608]: Cloud-init v. 19.4-33-gbb4131a2-0ubuntu1~16.04.1 finished at Wed, 25 Mar 2020 10:47:26 +0000. Datasource DataSourceNoCloud [seed=/dev/sdb][dsmode=net].  Up 27.34 seconds
